[2026-06-29T23:33:17] [START] run_dir=results/2026-06-29/run_20260629_233317 phase=all dry_run=False
[2026-06-29T23:33:18] [VIDEO] start target_success=7 already_success=0 prompts=7 interval=360.0s
[2026-06-29T23:33:25] [VIDEO] submitted id=v001 video_id=video_bGl0ZWxsbTpjdXN0b21fbGxtX3Byb3ZpZGVyOm9wZW5haTttb2RlbF9pZDphZ25lcy12aWRlby12Mi4wO3ZpZGVvX2lkOnZpZGVvXzE3NmFmZjk5MjYzMDRmOGMzMDZmYjZkMDE0ZGZmNWEwYTI0OTUzMTkyMWU4MGFmYw== seed=18756516
[2026-06-29T23:33:25] [VIDEO] poll video_id=video_bGl0ZWxsbTpjdXN0b21fbGxtX3Byb3ZpZGVyOm9wZW5haTttb2RlbF9pZDphZ25lcy12aWRlby12Mi4wO3ZpZGVvX2lkOnZpZGVvXzE3NmFmZjk5MjYzMDRmOGMzMDZmYjZkMDE0ZGZmNWEwYTI0OTUzMTkyMWU4MGFmYw== status=in_progress progress=30
[2026-06-29T23:33:25] [WAIT] 30.0s video polling
[2026-06-29T23:33:55] [VIDEO] poll video_id=video_bGl0ZWxsbTpjdXN0b21fbGxtX3Byb3ZpZGVyOm9wZW5haTttb2RlbF9pZDphZ25lcy12aWRlby12Mi4wO3ZpZGVvX2lkOnZpZGVvXzE3NmFmZjk5MjYzMDRmOGMzMDZmYjZkMDE0ZGZmNWEwYTI0OTUzMTkyMWU4MGFmYw== status=in_progress progress=30
[2026-06-29T23:33:55] [WAIT] 30.0s video polling
[2026-06-29T23:34:25] [VIDEO] poll video_id=video_bGl0ZWxsbTpjdXN0b21fbGxtX3Byb3ZpZGVyOm9wZW5haTttb2RlbF9pZDphZ25lcy12aWRlby12Mi4wO3ZpZGVvX2lkOnZpZGVvXzE3NmFmZjk5MjYzMDRmOGMzMDZmYjZkMDE0ZGZmNWEwYTI0OTUzMTkyMWU4MGFmYw== status=in_progress progress=30
[2026-06-29T23:34:25] [WAIT] 30.0s video polling
[2026-06-29T23:34:55] [VIDEO] poll video_id=video_bGl0ZWxsbTpjdXN0b21fbGxtX3Byb3ZpZGVyOm9wZW5haTttb2RlbF9pZDphZ25lcy12aWRlby12Mi4wO3ZpZGVvX2lkOnZpZGVvXzE3NmFmZjk5MjYzMDRmOGMzMDZmYjZkMDE0ZGZmNWEwYTI0OTUzMTkyMWU4MGFmYw== status=in_progress progress=30
[2026-06-29T23:34:55] [WAIT] 30.0s video polling
[2026-06-29T23:35:26] [VIDEO] poll video_id=video_bGl0ZWxsbTpjdXN0b21fbGxtX3Byb3ZpZGVyOm9wZW5haTttb2RlbF9pZDphZ25lcy12aWRlby12Mi4wO3ZpZGVvX2lkOnZpZGVvXzE3NmFmZjk5MjYzMDRmOGMzMDZmYjZkMDE0ZGZmNWEwYTI0OTUzMTkyMWU4MGFmYw== status=in_progress progress=30
[2026-06-29T23:35:26] [WAIT] 30.0s video polling
[2026-06-29T23:35:56] [VIDEO] poll video_id=video_bGl0ZWxsbTpjdXN0b21fbGxtX3Byb3ZpZGVyOm9wZW5haTttb2RlbF9pZDphZ25lcy12aWRlby12Mi4wO3ZpZGVvX2lkOnZpZGVvXzE3NmFmZjk5MjYzMDRmOGMzMDZmYjZkMDE0ZGZmNWEwYTI0OTUzMTkyMWU4MGFmYw== status=in_progress progress=30
[2026-06-29T23:35:56] [WAIT] 30.0s video polling
[2026-06-29T23:36:26] [VIDEO] poll video_id=video_bGl0ZWxsbTpjdXN0b21fbGxtX3Byb3ZpZGVyOm9wZW5haTttb2RlbF9pZDphZ25lcy12aWRlby12Mi4wO3ZpZGVvX2lkOnZpZGVvXzE3NmFmZjk5MjYzMDRmOGMzMDZmYjZkMDE0ZGZmNWEwYTI0OTUzMTkyMWU4MGFmYw== status=in_progress progress=30
[2026-06-29T23:36:26] [WAIT] 30.0s video polling
[2026-06-29T23:36:58] [VIDEO] poll video_id=video_bGl0ZWxsbTpjdXN0b21fbGxtX3Byb3ZpZGVyOm9wZW5haTttb2RlbF9pZDphZ25lcy12aWRlby12Mi4wO3ZpZGVvX2lkOnZpZGVvXzE3NmFmZjk5MjYzMDRmOGMzMDZmYjZkMDE0ZGZmNWEwYTI0OTUzMTkyMWU4MGFmYw== status=completed progress=100
[2026-06-29T23:36:59] [VIDEO] OK id=v001 success=1/7 url=https://platform-outputs.agnes-ai.space/videos/agnes-video-v2.0/2026/06/29/video_176aff9926304f8c306fb6d014dff5a0a249531921e80afc.mp4
[2026-06-29T23:36:59] [WAIT] 360.0s next video create interval
[2026-06-29T23:44:16] [VIDEO] submitted id=v002 video_id=video_bGl0ZWxsbTpjdXN0b21fbGxtX3Byb3ZpZGVyOm9wZW5haTttb2RlbF9pZDphZ25lcy12aWRlby12Mi4wO3ZpZGVvX2lkOnZpZGVvXzdiYmRjNTNmMTBhOGViNjMxMTUzNjZmNGNiZjQ5YjJhMjEyN2I0OGQxNGY1MzY1ZQ== seed=437775344
[2026-06-29T23:44:16] [VIDEO] poll video_id=video_bGl0ZWxsbTpjdXN0b21fbGxtX3Byb3ZpZGVyOm9wZW5haTttb2RlbF9pZDphZ25lcy12aWRlby12Mi4wO3ZpZGVvX2lkOnZpZGVvXzdiYmRjNTNmMTBhOGViNjMxMTUzNjZmNGNiZjQ5YjJhMjEyN2I0OGQxNGY1MzY1ZQ== status=in_progress progress=30
[2026-06-29T23:44:16] [WAIT] 30.0s video polling
[2026-06-29T23:44:46] [VIDEO] poll video_id=video_bGl0ZWxsbTpjdXN0b21fbGxtX3Byb3ZpZGVyOm9wZW5haTttb2RlbF9pZDphZ25lcy12aWRlby12Mi4wO3ZpZGVvX2lkOnZpZGVvXzdiYmRjNTNmMTBhOGViNjMxMTUzNjZmNGNiZjQ5YjJhMjEyN2I0OGQxNGY1MzY1ZQ== status=in_progress progress=30
[2026-06-29T23:44:46] [WAIT] 30.0s video polling
[2026-06-29T23:45:16] [VIDEO] poll video_id=video_bGl0ZWxsbTpjdXN0b21fbGxtX3Byb3ZpZGVyOm9wZW5haTttb2RlbF9pZDphZ25lcy12aWRlby12Mi4wO3ZpZGVvX2lkOnZpZGVvXzdiYmRjNTNmMTBhOGViNjMxMTUzNjZmNGNiZjQ5YjJhMjEyN2I0OGQxNGY1MzY1ZQ== status=in_progress progress=30
[2026-06-29T23:45:16] [WAIT] 30.0s video polling
[2026-06-29T23:45:47] [VIDEO] poll video_id=video_bGl0ZWxsbTpjdXN0b21fbGxtX3Byb3ZpZGVyOm9wZW5haTttb2RlbF9pZDphZ25lcy12aWRlby12Mi4wO3ZpZGVvX2lkOnZpZGVvXzdiYmRjNTNmMTBhOGViNjMxMTUzNjZmNGNiZjQ5YjJhMjEyN2I0OGQxNGY1MzY1ZQ== status=in_progress progress=30
[2026-06-29T23:45:47] [WAIT] 30.0s video polling
[2026-06-29T23:46:17] [VIDEO] poll video_id=video_bGl0ZWxsbTpjdXN0b21fbGxtX3Byb3ZpZGVyOm9wZW5haTttb2RlbF9pZDphZ25lcy12aWRlby12Mi4wO3ZpZGVvX2lkOnZpZGVvXzdiYmRjNTNmMTBhOGViNjMxMTUzNjZmNGNiZjQ5YjJhMjEyN2I0OGQxNGY1MzY1ZQ== status=in_progress progress=30
[2026-06-29T23:46:17] [WAIT] 30.0s video polling
[2026-06-29T23:46:47] [VIDEO] poll video_id=video_bGl0ZWxsbTpjdXN0b21fbGxtX3Byb3ZpZGVyOm9wZW5haTttb2RlbF9pZDphZ25lcy12aWRlby12Mi4wO3ZpZGVvX2lkOnZpZGVvXzdiYmRjNTNmMTBhOGViNjMxMTUzNjZmNGNiZjQ5YjJhMjEyN2I0OGQxNGY1MzY1ZQ== status=in_progress progress=30
[2026-06-29T23:46:47] [WAIT] 30.0s video polling
[2026-06-29T23:47:17] [VIDEO] poll video_id=video_bGl0ZWxsbTpjdXN0b21fbGxtX3Byb3ZpZGVyOm9wZW5haTttb2RlbF9pZDphZ25lcy12aWRlby12Mi4wO3ZpZGVvX2lkOnZpZGVvXzdiYmRjNTNmMTBhOGViNjMxMTUzNjZmNGNiZjQ5YjJhMjEyN2I0OGQxNGY1MzY1ZQ== status=in_progress progress=30
[2026-06-29T23:47:17] [WAIT] 30.0s video polling
[2026-06-29T23:47:47] [VIDEO] poll video_id=video_bGl0ZWxsbTpjdXN0b21fbGxtX3Byb3ZpZGVyOm9wZW5haTttb2RlbF9pZDphZ25lcy12aWRlby12Mi4wO3ZpZGVvX2lkOnZpZGVvXzdiYmRjNTNmMTBhOGViNjMxMTUzNjZmNGNiZjQ5YjJhMjEyN2I0OGQxNGY1MzY1ZQ== status=in_progress progress=30
[2026-06-29T23:47:47] [WAIT] 30.0s video polling
[2026-06-29T23:48:21] [VIDEO] poll video_id=video_bGl0ZWxsbTpjdXN0b21fbGxtX3Byb3ZpZGVyOm9wZW5haTttb2RlbF9pZDphZ25lcy12aWRlby12Mi4wO3ZpZGVvX2lkOnZpZGVvXzdiYmRjNTNmMTBhOGViNjMxMTUzNjZmNGNiZjQ5YjJhMjEyN2I0OGQxNGY1MzY1ZQ== status=completed progress=100
[2026-06-29T23:48:22] [VIDEO] OK id=v002 success=2/7 url=https://platform-outputs.agnes-ai.space/videos/agnes-video-v2.0/2026/06/29/video_7bbdc53f10a8eb63115366f4cbf49b2a2127b48d14f5365e.mp4
[2026-06-29T23:48:22] [WAIT] 360.0s next video create interval
[2026-06-29T23:54:29] [VIDEO] submitted id=v003 video_id=video_bGl0ZWxsbTpjdXN0b21fbGxtX3Byb3ZpZGVyOm9wZW5haTttb2RlbF9pZDphZ25lcy12aWRlby12Mi4wO3ZpZGVvX2lkOnZpZGVvXzcyY2NjNmYxY2IzMDg5NzI5ODNmMWZlYWE2ZmZiM2I0OWYxY2MyMzg5MzEzYmQ4Mg== seed=336627064
[2026-06-29T23:54:29] [VIDEO] poll video_id=video_bGl0ZWxsbTpjdXN0b21fbGxtX3Byb3ZpZGVyOm9wZW5haTttb2RlbF9pZDphZ25lcy12aWRlby12Mi4wO3ZpZGVvX2lkOnZpZGVvXzcyY2NjNmYxY2IzMDg5NzI5ODNmMWZlYWE2ZmZiM2I0OWYxY2MyMzg5MzEzYmQ4Mg== status=in_progress progress=30
[2026-06-29T23:54:29] [WAIT] 30.0s video polling
[2026-06-29T23:54:59] [VIDEO] poll video_id=video_bGl0ZWxsbTpjdXN0b21fbGxtX3Byb3ZpZGVyOm9wZW5haTttb2RlbF9pZDphZ25lcy12aWRlby12Mi4wO3ZpZGVvX2lkOnZpZGVvXzcyY2NjNmYxY2IzMDg5NzI5ODNmMWZlYWE2ZmZiM2I0OWYxY2MyMzg5MzEzYmQ4Mg== status=in_progress progress=30
[2026-06-29T23:54:59] [WAIT] 30.0s video polling
[2026-06-29T23:55:30] [VIDEO] poll video_id=video_bGl0ZWxsbTpjdXN0b21fbGxtX3Byb3ZpZGVyOm9wZW5haTttb2RlbF9pZDphZ25lcy12aWRlby12Mi4wO3ZpZGVvX2lkOnZpZGVvXzcyY2NjNmYxY2IzMDg5NzI5ODNmMWZlYWE2ZmZiM2I0OWYxY2MyMzg5MzEzYmQ4Mg== status=in_progress progress=30
[2026-06-29T23:55:30] [WAIT] 30.0s video polling
[2026-06-29T23:56:00] [VIDEO] poll video_id=video_bGl0ZWxsbTpjdXN0b21fbGxtX3Byb3ZpZGVyOm9wZW5haTttb2RlbF9pZDphZ25lcy12aWRlby12Mi4wO3ZpZGVvX2lkOnZpZGVvXzcyY2NjNmYxY2IzMDg5NzI5ODNmMWZlYWE2ZmZiM2I0OWYxY2MyMzg5MzEzYmQ4Mg== status=in_progress progress=30
[2026-06-29T23:56:00] [WAIT] 30.0s video polling
[2026-06-29T23:56:30] [VIDEO] poll video_id=video_bGl0ZWxsbTpjdXN0b21fbGxtX3Byb3ZpZGVyOm9wZW5haTttb2RlbF9pZDphZ25lcy12aWRlby12Mi4wO3ZpZGVvX2lkOnZpZGVvXzcyY2NjNmYxY2IzMDg5NzI5ODNmMWZlYWE2ZmZiM2I0OWYxY2MyMzg5MzEzYmQ4Mg== status=in_progress progress=30
[2026-06-29T23:56:30] [WAIT] 30.0s video polling
[2026-06-29T23:57:00] [VIDEO] poll video_id=video_bGl0ZWxsbTpjdXN0b21fbGxtX3Byb3ZpZGVyOm9wZW5haTttb2RlbF9pZDphZ25lcy12aWRlby12Mi4wO3ZpZGVvX2lkOnZpZGVvXzcyY2NjNmYxY2IzMDg5NzI5ODNmMWZlYWE2ZmZiM2I0OWYxY2MyMzg5MzEzYmQ4Mg== status=in_progress progress=30
[2026-06-29T23:57:00] [WAIT] 30.0s video polling
[2026-06-29T23:57:30] [VIDEO] poll video_id=video_bGl0ZWxsbTpjdXN0b21fbGxtX3Byb3ZpZGVyOm9wZW5haTttb2RlbF9pZDphZ25lcy12aWRlby12Mi4wO3ZpZGVvX2lkOnZpZGVvXzcyY2NjNmYxY2IzMDg5NzI5ODNmMWZlYWE2ZmZiM2I0OWYxY2MyMzg5MzEzYmQ4Mg== status=in_progress progress=30
[2026-06-29T23:57:30] [WAIT] 30.0s video polling
[2026-06-29T23:58:01] [VIDEO] poll video_id=video_bGl0ZWxsbTpjdXN0b21fbGxtX3Byb3ZpZGVyOm9wZW5haTttb2RlbF9pZDphZ25lcy12aWRlby12Mi4wO3ZpZGVvX2lkOnZpZGVvXzcyY2NjNmYxY2IzMDg5NzI5ODNmMWZlYWE2ZmZiM2I0OWYxY2MyMzg5MzEzYmQ4Mg== status=in_progress progress=30
[2026-06-29T23:58:01] [WAIT] 30.0s video polling
[2026-06-29T23:58:34] [VIDEO] poll video_id=video_bGl0ZWxsbTpjdXN0b21fbGxtX3Byb3ZpZGVyOm9wZW5haTttb2RlbF9pZDphZ25lcy12aWRlby12Mi4wO3ZpZGVvX2lkOnZpZGVvXzcyY2NjNmYxY2IzMDg5NzI5ODNmMWZlYWE2ZmZiM2I0OWYxY2MyMzg5MzEzYmQ4Mg== status=completed progress=100
[2026-06-29T23:58:36] [VIDEO] OK id=v003 success=3/7 url=https://platform-outputs.agnes-ai.space/videos/agnes-video-v2.0/2026/06/29/video_72ccc6f1cb308972983f1feaa6ffb3b49f1cc2389313bd82.mp4
[2026-06-29T23:58:36] [WAIT] 360.0s next video create interval
[2026-06-30T00:05:14] [VIDEO] submitted id=v004 video_id=video_bGl0ZWxsbTpjdXN0b21fbGxtX3Byb3ZpZGVyOm9wZW5haTttb2RlbF9pZDphZ25lcy12aWRlby12Mi4wO3ZpZGVvX2lkOnZpZGVvXzQ0YmFhZWZjMmE5N2NlOGNlYjhkNGU3ZmQxODk0NzY5YzM1YWYzNDc3ZTI5NzA2ZQ== seed=827936134
[2026-06-30T00:05:14] [VIDEO] poll video_id=video_bGl0ZWxsbTpjdXN0b21fbGxtX3Byb3ZpZGVyOm9wZW5haTttb2RlbF9pZDphZ25lcy12aWRlby12Mi4wO3ZpZGVvX2lkOnZpZGVvXzQ0YmFhZWZjMmE5N2NlOGNlYjhkNGU3ZmQxODk0NzY5YzM1YWYzNDc3ZTI5NzA2ZQ== status=in_progress progress=30
[2026-06-30T00:05:14] [WAIT] 30.0s video polling
[2026-06-30T00:05:44] [VIDEO] poll video_id=video_bGl0ZWxsbTpjdXN0b21fbGxtX3Byb3ZpZGVyOm9wZW5haTttb2RlbF9pZDphZ25lcy12aWRlby12Mi4wO3ZpZGVvX2lkOnZpZGVvXzQ0YmFhZWZjMmE5N2NlOGNlYjhkNGU3ZmQxODk0NzY5YzM1YWYzNDc3ZTI5NzA2ZQ== status=in_progress progress=30
[2026-06-30T00:05:44] [WAIT] 30.0s video polling
[2026-06-30T00:06:15] [VIDEO] poll video_id=video_bGl0ZWxsbTpjdXN0b21fbGxtX3Byb3ZpZGVyOm9wZW5haTttb2RlbF9pZDphZ25lcy12aWRlby12Mi4wO3ZpZGVvX2lkOnZpZGVvXzQ0YmFhZWZjMmE5N2NlOGNlYjhkNGU3ZmQxODk0NzY5YzM1YWYzNDc3ZTI5NzA2ZQ== status=in_progress progress=30
[2026-06-30T00:06:15] [WAIT] 30.0s video polling
[2026-06-30T00:06:45] [VIDEO] poll video_id=video_bGl0ZWxsbTpjdXN0b21fbGxtX3Byb3ZpZGVyOm9wZW5haTttb2RlbF9pZDphZ25lcy12aWRlby12Mi4wO3ZpZGVvX2lkOnZpZGVvXzQ0YmFhZWZjMmE5N2NlOGNlYjhkNGU3ZmQxODk0NzY5YzM1YWYzNDc3ZTI5NzA2ZQ== status=in_progress progress=30
[2026-06-30T00:06:45] [WAIT] 30.0s video polling
[2026-06-30T00:07:15] [VIDEO] poll video_id=video_bGl0ZWxsbTpjdXN0b21fbGxtX3Byb3ZpZGVyOm9wZW5haTttb2RlbF9pZDphZ25lcy12aWRlby12Mi4wO3ZpZGVvX2lkOnZpZGVvXzQ0YmFhZWZjMmE5N2NlOGNlYjhkNGU3ZmQxODk0NzY5YzM1YWYzNDc3ZTI5NzA2ZQ== status=in_progress progress=30
[2026-06-30T00:07:15] [WAIT] 30.0s video polling
[2026-06-30T00:07:45] [VIDEO] poll video_id=video_bGl0ZWxsbTpjdXN0b21fbGxtX3Byb3ZpZGVyOm9wZW5haTttb2RlbF9pZDphZ25lcy12aWRlby12Mi4wO3ZpZGVvX2lkOnZpZGVvXzQ0YmFhZWZjMmE5N2NlOGNlYjhkNGU3ZmQxODk0NzY5YzM1YWYzNDc3ZTI5NzA2ZQ== status=in_progress progress=30
[2026-06-30T00:07:45] [WAIT] 30.0s video polling
[2026-06-30T00:08:16] [VIDEO] poll video_id=video_bGl0ZWxsbTpjdXN0b21fbGxtX3Byb3ZpZGVyOm9wZW5haTttb2RlbF9pZDphZ25lcy12aWRlby12Mi4wO3ZpZGVvX2lkOnZpZGVvXzQ0YmFhZWZjMmE5N2NlOGNlYjhkNGU3ZmQxODk0NzY5YzM1YWYzNDc3ZTI5NzA2ZQ== status=in_progress progress=30
[2026-06-30T00:08:16] [WAIT] 30.0s video polling
[2026-06-30T00:08:46] [VIDEO] poll video_id=video_bGl0ZWxsbTpjdXN0b21fbGxtX3Byb3ZpZGVyOm9wZW5haTttb2RlbF9pZDphZ25lcy12aWRlby12Mi4wO3ZpZGVvX2lkOnZpZGVvXzQ0YmFhZWZjMmE5N2NlOGNlYjhkNGU3ZmQxODk0NzY5YzM1YWYzNDc3ZTI5NzA2ZQ== status=in_progress progress=30
[2026-06-30T00:08:46] [WAIT] 30.0s video polling
[2026-06-30T00:09:19] [VIDEO] poll video_id=video_bGl0ZWxsbTpjdXN0b21fbGxtX3Byb3ZpZGVyOm9wZW5haTttb2RlbF9pZDphZ25lcy12aWRlby12Mi4wO3ZpZGVvX2lkOnZpZGVvXzQ0YmFhZWZjMmE5N2NlOGNlYjhkNGU3ZmQxODk0NzY5YzM1YWYzNDc3ZTI5NzA2ZQ== status=completed progress=100
[2026-06-30T00:09:20] [VIDEO] OK id=v004 success=4/7 url=https://platform-outputs.agnes-ai.space/videos/agnes-video-v2.0/2026/06/30/video_44baaefc2a97ce8ceb8d4e7fd1894769c35af3477e29706e.mp4
[2026-06-30T00:09:20] [WAIT] 360.0s next video create interval
