[2026-07-02T13:27:45] [START] run_dir=results/2026-07-02/run_20260702_132745 phase=all dry_run=False
[2026-07-02T13:27:45] [VIDEO] start target_success=7 already_success=0 prompts=7 interval=140.0s
[2026-07-02T13:27:51] [VIDEO] submitted id=v001 video_id=video_bGl0ZWxsbTpjdXN0b21fbGxtX3Byb3ZpZGVyOm9wZW5haTttb2RlbF9pZDphZ25lcy12aWRlby12Mi4wO3ZpZGVvX2lkOnZpZGVvXzU5MDNlMGZlYWNhNmVlMTk5NTNhOGZkMWY1ZDllYzk4MWE0MmNmYTU5NGUzMTY5Ng== seed=968122773
[2026-07-02T13:27:51] [VIDEO] poll video_id=video_bGl0ZWxsbTpjdXN0b21fbGxtX3Byb3ZpZGVyOm9wZW5haTttb2RlbF9pZDphZ25lcy12aWRlby12Mi4wO3ZpZGVvX2lkOnZpZGVvXzU5MDNlMGZlYWNhNmVlMTk5NTNhOGZkMWY1ZDllYzk4MWE0MmNmYTU5NGUzMTY5Ng== status=in_progress progress=30
[2026-07-02T13:27:51] [WAIT] 30.0s video polling
[2026-07-02T13:28:21] [VIDEO] poll video_id=video_bGl0ZWxsbTpjdXN0b21fbGxtX3Byb3ZpZGVyOm9wZW5haTttb2RlbF9pZDphZ25lcy12aWRlby12Mi4wO3ZpZGVvX2lkOnZpZGVvXzU5MDNlMGZlYWNhNmVlMTk5NTNhOGZkMWY1ZDllYzk4MWE0MmNmYTU5NGUzMTY5Ng== status=in_progress progress=30
[2026-07-02T13:28:21] [WAIT] 30.0s video polling
[2026-07-02T13:28:52] [VIDEO] poll video_id=video_bGl0ZWxsbTpjdXN0b21fbGxtX3Byb3ZpZGVyOm9wZW5haTttb2RlbF9pZDphZ25lcy12aWRlby12Mi4wO3ZpZGVvX2lkOnZpZGVvXzU5MDNlMGZlYWNhNmVlMTk5NTNhOGZkMWY1ZDllYzk4MWE0MmNmYTU5NGUzMTY5Ng== status=in_progress progress=30
[2026-07-02T13:28:52] [WAIT] 30.0s video polling
[2026-07-02T13:29:22] [VIDEO] poll video_id=video_bGl0ZWxsbTpjdXN0b21fbGxtX3Byb3ZpZGVyOm9wZW5haTttb2RlbF9pZDphZ25lcy12aWRlby12Mi4wO3ZpZGVvX2lkOnZpZGVvXzU5MDNlMGZlYWNhNmVlMTk5NTNhOGZkMWY1ZDllYzk4MWE0MmNmYTU5NGUzMTY5Ng== status=in_progress progress=30
[2026-07-02T13:29:22] [WAIT] 30.0s video polling
[2026-07-02T13:29:52] [VIDEO] poll video_id=video_bGl0ZWxsbTpjdXN0b21fbGxtX3Byb3ZpZGVyOm9wZW5haTttb2RlbF9pZDphZ25lcy12aWRlby12Mi4wO3ZpZGVvX2lkOnZpZGVvXzU5MDNlMGZlYWNhNmVlMTk5NTNhOGZkMWY1ZDllYzk4MWE0MmNmYTU5NGUzMTY5Ng== status=in_progress progress=30
[2026-07-02T13:29:52] [WAIT] 30.0s video polling
[2026-07-02T13:30:22] [VIDEO] poll video_id=video_bGl0ZWxsbTpjdXN0b21fbGxtX3Byb3ZpZGVyOm9wZW5haTttb2RlbF9pZDphZ25lcy12aWRlby12Mi4wO3ZpZGVvX2lkOnZpZGVvXzU5MDNlMGZlYWNhNmVlMTk5NTNhOGZkMWY1ZDllYzk4MWE0MmNmYTU5NGUzMTY5Ng== status=in_progress progress=30
[2026-07-02T13:30:22] [WAIT] 30.0s video polling
[2026-07-02T13:30:53] [VIDEO] poll video_id=video_bGl0ZWxsbTpjdXN0b21fbGxtX3Byb3ZpZGVyOm9wZW5haTttb2RlbF9pZDphZ25lcy12aWRlby12Mi4wO3ZpZGVvX2lkOnZpZGVvXzU5MDNlMGZlYWNhNmVlMTk5NTNhOGZkMWY1ZDllYzk4MWE0MmNmYTU5NGUzMTY5Ng== status=in_progress progress=30
[2026-07-02T13:30:53] [WAIT] 30.0s video polling
[2026-07-02T13:31:27] [VIDEO] poll video_id=video_bGl0ZWxsbTpjdXN0b21fbGxtX3Byb3ZpZGVyOm9wZW5haTttb2RlbF9pZDphZ25lcy12aWRlby12Mi4wO3ZpZGVvX2lkOnZpZGVvXzU5MDNlMGZlYWNhNmVlMTk5NTNhOGZkMWY1ZDllYzk4MWE0MmNmYTU5NGUzMTY5Ng== status=completed progress=100
[2026-07-02T13:31:28] [VIDEO] OK id=v001 success=1/7 url=https://platform-outputs.agnes-ai.space/videos/agnes-video-v2.0/2026/07/02/video_5903e0feaca6ee19953a8fd1f5d9ec981a42cfa594e31696.mp4
[2026-07-02T13:31:28] [WAIT] 140.0s next video create interval
[2026-07-02T13:34:15] [VIDEO] submitted id=v002 video_id=video_bGl0ZWxsbTpjdXN0b21fbGxtX3Byb3ZpZGVyOm9wZW5haTttb2RlbF9pZDphZ25lcy12aWRlby12Mi4wO3ZpZGVvX2lkOnZpZGVvXzI4MTdmNzI5OWE5Zjg1ZDU4Y2U1ZTg3N2Y0ODVlYWY5ZDZiZTJkNmNmOWZiYjc4Nw== seed=98990850
[2026-07-02T13:34:15] [VIDEO] poll video_id=video_bGl0ZWxsbTpjdXN0b21fbGxtX3Byb3ZpZGVyOm9wZW5haTttb2RlbF9pZDphZ25lcy12aWRlby12Mi4wO3ZpZGVvX2lkOnZpZGVvXzI4MTdmNzI5OWE5Zjg1ZDU4Y2U1ZTg3N2Y0ODVlYWY5ZDZiZTJkNmNmOWZiYjc4Nw== status=in_progress progress=30
[2026-07-02T13:34:15] [WAIT] 30.0s video polling
[2026-07-02T13:34:45] [VIDEO] poll video_id=video_bGl0ZWxsbTpjdXN0b21fbGxtX3Byb3ZpZGVyOm9wZW5haTttb2RlbF9pZDphZ25lcy12aWRlby12Mi4wO3ZpZGVvX2lkOnZpZGVvXzI4MTdmNzI5OWE5Zjg1ZDU4Y2U1ZTg3N2Y0ODVlYWY5ZDZiZTJkNmNmOWZiYjc4Nw== status=in_progress progress=30
[2026-07-02T13:34:45] [WAIT] 30.0s video polling
[2026-07-02T13:35:15] [VIDEO] poll video_id=video_bGl0ZWxsbTpjdXN0b21fbGxtX3Byb3ZpZGVyOm9wZW5haTttb2RlbF9pZDphZ25lcy12aWRlby12Mi4wO3ZpZGVvX2lkOnZpZGVvXzI4MTdmNzI5OWE5Zjg1ZDU4Y2U1ZTg3N2Y0ODVlYWY5ZDZiZTJkNmNmOWZiYjc4Nw== status=in_progress progress=30
[2026-07-02T13:35:15] [WAIT] 30.0s video polling
[2026-07-02T13:35:45] [VIDEO] poll video_id=video_bGl0ZWxsbTpjdXN0b21fbGxtX3Byb3ZpZGVyOm9wZW5haTttb2RlbF9pZDphZ25lcy12aWRlby12Mi4wO3ZpZGVvX2lkOnZpZGVvXzI4MTdmNzI5OWE5Zjg1ZDU4Y2U1ZTg3N2Y0ODVlYWY5ZDZiZTJkNmNmOWZiYjc4Nw== status=in_progress progress=30
[2026-07-02T13:35:45] [WAIT] 30.0s video polling
[2026-07-02T13:36:16] [VIDEO] poll video_id=video_bGl0ZWxsbTpjdXN0b21fbGxtX3Byb3ZpZGVyOm9wZW5haTttb2RlbF9pZDphZ25lcy12aWRlby12Mi4wO3ZpZGVvX2lkOnZpZGVvXzI4MTdmNzI5OWE5Zjg1ZDU4Y2U1ZTg3N2Y0ODVlYWY5ZDZiZTJkNmNmOWZiYjc4Nw== status=in_progress progress=30
[2026-07-02T13:36:16] [WAIT] 30.0s video polling
[2026-07-02T13:36:46] [VIDEO] poll video_id=video_bGl0ZWxsbTpjdXN0b21fbGxtX3Byb3ZpZGVyOm9wZW5haTttb2RlbF9pZDphZ25lcy12aWRlby12Mi4wO3ZpZGVvX2lkOnZpZGVvXzI4MTdmNzI5OWE5Zjg1ZDU4Y2U1ZTg3N2Y0ODVlYWY5ZDZiZTJkNmNmOWZiYjc4Nw== status=in_progress progress=30
[2026-07-02T13:36:46] [WAIT] 30.0s video polling
[2026-07-02T13:37:16] [VIDEO] poll video_id=video_bGl0ZWxsbTpjdXN0b21fbGxtX3Byb3ZpZGVyOm9wZW5haTttb2RlbF9pZDphZ25lcy12aWRlby12Mi4wO3ZpZGVvX2lkOnZpZGVvXzI4MTdmNzI5OWE5Zjg1ZDU4Y2U1ZTg3N2Y0ODVlYWY5ZDZiZTJkNmNmOWZiYjc4Nw== status=in_progress progress=30
[2026-07-02T13:37:16] [WAIT] 30.0s video polling
[2026-07-02T13:37:50] [VIDEO] poll video_id=video_bGl0ZWxsbTpjdXN0b21fbGxtX3Byb3ZpZGVyOm9wZW5haTttb2RlbF9pZDphZ25lcy12aWRlby12Mi4wO3ZpZGVvX2lkOnZpZGVvXzI4MTdmNzI5OWE5Zjg1ZDU4Y2U1ZTg3N2Y0ODVlYWY5ZDZiZTJkNmNmOWZiYjc4Nw== status=completed progress=100
[2026-07-02T13:37:51] [VIDEO] OK id=v002 success=2/7 url=https://platform-outputs.agnes-ai.space/videos/agnes-video-v2.0/2026/07/02/video_2817f7299a9f85d58ce5e877f485eaf9d6be2d6cf9fbb787.mp4
[2026-07-02T13:37:51] [WAIT] 140.0s next video create interval
[2026-07-02T13:40:17] [VIDEO] submitted id=v003 video_id=video_bGl0ZWxsbTpjdXN0b21fbGxtX3Byb3ZpZGVyOm9wZW5haTttb2RlbF9pZDphZ25lcy12aWRlby12Mi4wO3ZpZGVvX2lkOnZpZGVvXzIwNzI3OGY0MjM1MTNiOWRjN2YyZGY2MDEzOGZkZTdkNGFkMmI0OTgzMDJhNTI3YQ== seed=677417940
[2026-07-02T13:40:18] [VIDEO] poll video_id=video_bGl0ZWxsbTpjdXN0b21fbGxtX3Byb3ZpZGVyOm9wZW5haTttb2RlbF9pZDphZ25lcy12aWRlby12Mi4wO3ZpZGVvX2lkOnZpZGVvXzIwNzI3OGY0MjM1MTNiOWRjN2YyZGY2MDEzOGZkZTdkNGFkMmI0OTgzMDJhNTI3YQ== status=in_progress progress=30
[2026-07-02T13:40:18] [WAIT] 30.0s video polling
[2026-07-02T13:40:48] [VIDEO] poll video_id=video_bGl0ZWxsbTpjdXN0b21fbGxtX3Byb3ZpZGVyOm9wZW5haTttb2RlbF9pZDphZ25lcy12aWRlby12Mi4wO3ZpZGVvX2lkOnZpZGVvXzIwNzI3OGY0MjM1MTNiOWRjN2YyZGY2MDEzOGZkZTdkNGFkMmI0OTgzMDJhNTI3YQ== status=in_progress progress=30
[2026-07-02T13:40:48] [WAIT] 30.0s video polling
[2026-07-02T13:41:18] [VIDEO] poll video_id=video_bGl0ZWxsbTpjdXN0b21fbGxtX3Byb3ZpZGVyOm9wZW5haTttb2RlbF9pZDphZ25lcy12aWRlby12Mi4wO3ZpZGVvX2lkOnZpZGVvXzIwNzI3OGY0MjM1MTNiOWRjN2YyZGY2MDEzOGZkZTdkNGFkMmI0OTgzMDJhNTI3YQ== status=in_progress progress=30
[2026-07-02T13:41:18] [WAIT] 30.0s video polling
[2026-07-02T13:41:48] [VIDEO] poll video_id=video_bGl0ZWxsbTpjdXN0b21fbGxtX3Byb3ZpZGVyOm9wZW5haTttb2RlbF9pZDphZ25lcy12aWRlby12Mi4wO3ZpZGVvX2lkOnZpZGVvXzIwNzI3OGY0MjM1MTNiOWRjN2YyZGY2MDEzOGZkZTdkNGFkMmI0OTgzMDJhNTI3YQ== status=in_progress progress=30
[2026-07-02T13:41:48] [WAIT] 30.0s video polling
[2026-07-02T13:42:18] [VIDEO] poll video_id=video_bGl0ZWxsbTpjdXN0b21fbGxtX3Byb3ZpZGVyOm9wZW5haTttb2RlbF9pZDphZ25lcy12aWRlby12Mi4wO3ZpZGVvX2lkOnZpZGVvXzIwNzI3OGY0MjM1MTNiOWRjN2YyZGY2MDEzOGZkZTdkNGFkMmI0OTgzMDJhNTI3YQ== status=in_progress progress=30
[2026-07-02T13:42:18] [WAIT] 30.0s video polling
[2026-07-02T13:42:49] [VIDEO] poll video_id=video_bGl0ZWxsbTpjdXN0b21fbGxtX3Byb3ZpZGVyOm9wZW5haTttb2RlbF9pZDphZ25lcy12aWRlby12Mi4wO3ZpZGVvX2lkOnZpZGVvXzIwNzI3OGY0MjM1MTNiOWRjN2YyZGY2MDEzOGZkZTdkNGFkMmI0OTgzMDJhNTI3YQ== status=in_progress progress=30
[2026-07-02T13:42:49] [WAIT] 30.0s video polling
[2026-07-02T13:43:19] [VIDEO] poll video_id=video_bGl0ZWxsbTpjdXN0b21fbGxtX3Byb3ZpZGVyOm9wZW5haTttb2RlbF9pZDphZ25lcy12aWRlby12Mi4wO3ZpZGVvX2lkOnZpZGVvXzIwNzI3OGY0MjM1MTNiOWRjN2YyZGY2MDEzOGZkZTdkNGFkMmI0OTgzMDJhNTI3YQ== status=in_progress progress=30
[2026-07-02T13:43:19] [WAIT] 30.0s video polling
[2026-07-02T13:43:54] [VIDEO] poll video_id=video_bGl0ZWxsbTpjdXN0b21fbGxtX3Byb3ZpZGVyOm9wZW5haTttb2RlbF9pZDphZ25lcy12aWRlby12Mi4wO3ZpZGVvX2lkOnZpZGVvXzIwNzI3OGY0MjM1MTNiOWRjN2YyZGY2MDEzOGZkZTdkNGFkMmI0OTgzMDJhNTI3YQ== status=completed progress=100
[2026-07-02T13:43:54] [VIDEO] OK id=v003 success=3/7 url=https://platform-outputs.agnes-ai.space/videos/agnes-video-v2.0/2026/07/02/video_207278f423513b9dc7f2df60138fde7d4ad2b498302a527a.mp4
[2026-07-02T13:43:54] [WAIT] 140.0s next video create interval
[2026-07-02T13:46:21] [VIDEO] submitted id=v004 video_id=video_bGl0ZWxsbTpjdXN0b21fbGxtX3Byb3ZpZGVyOm9wZW5haTttb2RlbF9pZDphZ25lcy12aWRlby12Mi4wO3ZpZGVvX2lkOnZpZGVvXzAzOGIyYTExOTc1NzE4YzQxOTBjZDA4ZjdhYmJhMDU4Yjc1MDBjNTk3ODQyZDM0OQ== seed=668423295
[2026-07-02T13:46:21] [VIDEO] poll video_id=video_bGl0ZWxsbTpjdXN0b21fbGxtX3Byb3ZpZGVyOm9wZW5haTttb2RlbF9pZDphZ25lcy12aWRlby12Mi4wO3ZpZGVvX2lkOnZpZGVvXzAzOGIyYTExOTc1NzE4YzQxOTBjZDA4ZjdhYmJhMDU4Yjc1MDBjNTk3ODQyZDM0OQ== status=in_progress progress=30
[2026-07-02T13:46:21] [WAIT] 30.0s video polling
[2026-07-02T13:46:51] [VIDEO] poll video_id=video_bGl0ZWxsbTpjdXN0b21fbGxtX3Byb3ZpZGVyOm9wZW5haTttb2RlbF9pZDphZ25lcy12aWRlby12Mi4wO3ZpZGVvX2lkOnZpZGVvXzAzOGIyYTExOTc1NzE4YzQxOTBjZDA4ZjdhYmJhMDU4Yjc1MDBjNTk3ODQyZDM0OQ== status=in_progress progress=30
[2026-07-02T13:46:51] [WAIT] 30.0s video polling
[2026-07-02T13:47:21] [VIDEO] poll video_id=video_bGl0ZWxsbTpjdXN0b21fbGxtX3Byb3ZpZGVyOm9wZW5haTttb2RlbF9pZDphZ25lcy12aWRlby12Mi4wO3ZpZGVvX2lkOnZpZGVvXzAzOGIyYTExOTc1NzE4YzQxOTBjZDA4ZjdhYmJhMDU4Yjc1MDBjNTk3ODQyZDM0OQ== status=in_progress progress=30
[2026-07-02T13:47:21] [WAIT] 30.0s video polling
[2026-07-02T13:47:51] [VIDEO] poll video_id=video_bGl0ZWxsbTpjdXN0b21fbGxtX3Byb3ZpZGVyOm9wZW5haTttb2RlbF9pZDphZ25lcy12aWRlby12Mi4wO3ZpZGVvX2lkOnZpZGVvXzAzOGIyYTExOTc1NzE4YzQxOTBjZDA4ZjdhYmJhMDU4Yjc1MDBjNTk3ODQyZDM0OQ== status=in_progress progress=30
[2026-07-02T13:47:51] [WAIT] 30.0s video polling
[2026-07-02T13:48:21] [VIDEO] poll video_id=video_bGl0ZWxsbTpjdXN0b21fbGxtX3Byb3ZpZGVyOm9wZW5haTttb2RlbF9pZDphZ25lcy12aWRlby12Mi4wO3ZpZGVvX2lkOnZpZGVvXzAzOGIyYTExOTc1NzE4YzQxOTBjZDA4ZjdhYmJhMDU4Yjc1MDBjNTk3ODQyZDM0OQ== status=in_progress progress=30
[2026-07-02T13:48:21] [WAIT] 30.0s video polling
[2026-07-02T13:48:52] [VIDEO] poll video_id=video_bGl0ZWxsbTpjdXN0b21fbGxtX3Byb3ZpZGVyOm9wZW5haTttb2RlbF9pZDphZ25lcy12aWRlby12Mi4wO3ZpZGVvX2lkOnZpZGVvXzAzOGIyYTExOTc1NzE4YzQxOTBjZDA4ZjdhYmJhMDU4Yjc1MDBjNTk3ODQyZDM0OQ== status=in_progress progress=30
[2026-07-02T13:48:52] [WAIT] 30.0s video polling
[2026-07-02T13:49:22] [VIDEO] poll video_id=video_bGl0ZWxsbTpjdXN0b21fbGxtX3Byb3ZpZGVyOm9wZW5haTttb2RlbF9pZDphZ25lcy12aWRlby12Mi4wO3ZpZGVvX2lkOnZpZGVvXzAzOGIyYTExOTc1NzE4YzQxOTBjZDA4ZjdhYmJhMDU4Yjc1MDBjNTk3ODQyZDM0OQ== status=in_progress progress=30
[2026-07-02T13:49:22] [WAIT] 30.0s video polling
[2026-07-02T13:49:57] [VIDEO] poll video_id=video_bGl0ZWxsbTpjdXN0b21fbGxtX3Byb3ZpZGVyOm9wZW5haTttb2RlbF9pZDphZ25lcy12aWRlby12Mi4wO3ZpZGVvX2lkOnZpZGVvXzAzOGIyYTExOTc1NzE4YzQxOTBjZDA4ZjdhYmJhMDU4Yjc1MDBjNTk3ODQyZDM0OQ== status=completed progress=100
[2026-07-02T13:49:58] [VIDEO] OK id=v004 success=4/7 url=https://platform-outputs.agnes-ai.space/videos/agnes-video-v2.0/2026/07/02/video_038b2a11975718c4190cd08f7abba058b7500c597842d349.mp4
[2026-07-02T13:49:58] [WAIT] 140.0s next video create interval
[2026-07-02T13:52:25] [VIDEO] submitted id=v005 video_id=video_bGl0ZWxsbTpjdXN0b21fbGxtX3Byb3ZpZGVyOm9wZW5haTttb2RlbF9pZDphZ25lcy12aWRlby12Mi4wO3ZpZGVvX2lkOnZpZGVvX2FlOGJhNjMxMTM0OWY2ZDYxZGY5NWUxMmU5NTA5MDI2MjgwZDYxNTUyYmQ3MjRiZQ== seed=283722424
[2026-07-02T13:52:26] [VIDEO] poll video_id=video_bGl0ZWxsbTpjdXN0b21fbGxtX3Byb3ZpZGVyOm9wZW5haTttb2RlbF9pZDphZ25lcy12aWRlby12Mi4wO3ZpZGVvX2lkOnZpZGVvX2FlOGJhNjMxMTM0OWY2ZDYxZGY5NWUxMmU5NTA5MDI2MjgwZDYxNTUyYmQ3MjRiZQ== status=in_progress progress=30
[2026-07-02T13:52:26] [WAIT] 30.0s video polling
[2026-07-02T13:52:56] [VIDEO] poll video_id=video_bGl0ZWxsbTpjdXN0b21fbGxtX3Byb3ZpZGVyOm9wZW5haTttb2RlbF9pZDphZ25lcy12aWRlby12Mi4wO3ZpZGVvX2lkOnZpZGVvX2FlOGJhNjMxMTM0OWY2ZDYxZGY5NWUxMmU5NTA5MDI2MjgwZDYxNTUyYmQ3MjRiZQ== status=in_progress progress=30
[2026-07-02T13:52:56] [WAIT] 30.0s video polling
[2026-07-02T13:53:26] [VIDEO] poll video_id=video_bGl0ZWxsbTpjdXN0b21fbGxtX3Byb3ZpZGVyOm9wZW5haTttb2RlbF9pZDphZ25lcy12aWRlby12Mi4wO3ZpZGVvX2lkOnZpZGVvX2FlOGJhNjMxMTM0OWY2ZDYxZGY5NWUxMmU5NTA5MDI2MjgwZDYxNTUyYmQ3MjRiZQ== status=in_progress progress=30
[2026-07-02T13:53:26] [WAIT] 30.0s video polling
[2026-07-02T13:53:56] [VIDEO] poll video_id=video_bGl0ZWxsbTpjdXN0b21fbGxtX3Byb3ZpZGVyOm9wZW5haTttb2RlbF9pZDphZ25lcy12aWRlby12Mi4wO3ZpZGVvX2lkOnZpZGVvX2FlOGJhNjMxMTM0OWY2ZDYxZGY5NWUxMmU5NTA5MDI2MjgwZDYxNTUyYmQ3MjRiZQ== status=in_progress progress=30
[2026-07-02T13:53:56] [WAIT] 30.0s video polling
[2026-07-02T13:54:26] [VIDEO] poll video_id=video_bGl0ZWxsbTpjdXN0b21fbGxtX3Byb3ZpZGVyOm9wZW5haTttb2RlbF9pZDphZ25lcy12aWRlby12Mi4wO3ZpZGVvX2lkOnZpZGVvX2FlOGJhNjMxMTM0OWY2ZDYxZGY5NWUxMmU5NTA5MDI2MjgwZDYxNTUyYmQ3MjRiZQ== status=in_progress progress=30
[2026-07-02T13:54:26] [WAIT] 30.0s video polling
[2026-07-02T13:54:57] [VIDEO] poll video_id=video_bGl0ZWxsbTpjdXN0b21fbGxtX3Byb3ZpZGVyOm9wZW5haTttb2RlbF9pZDphZ25lcy12aWRlby12Mi4wO3ZpZGVvX2lkOnZpZGVvX2FlOGJhNjMxMTM0OWY2ZDYxZGY5NWUxMmU5NTA5MDI2MjgwZDYxNTUyYmQ3MjRiZQ== status=in_progress progress=30
[2026-07-02T13:54:57] [WAIT] 30.0s video polling
[2026-07-02T13:55:27] [VIDEO] poll video_id=video_bGl0ZWxsbTpjdXN0b21fbGxtX3Byb3ZpZGVyOm9wZW5haTttb2RlbF9pZDphZ25lcy12aWRlby12Mi4wO3ZpZGVvX2lkOnZpZGVvX2FlOGJhNjMxMTM0OWY2ZDYxZGY5NWUxMmU5NTA5MDI2MjgwZDYxNTUyYmQ3MjRiZQ== status=in_progress progress=30
[2026-07-02T13:55:27] [WAIT] 30.0s video polling
[2026-07-02T13:56:02] [VIDEO] poll video_id=video_bGl0ZWxsbTpjdXN0b21fbGxtX3Byb3ZpZGVyOm9wZW5haTttb2RlbF9pZDphZ25lcy12aWRlby12Mi4wO3ZpZGVvX2lkOnZpZGVvX2FlOGJhNjMxMTM0OWY2ZDYxZGY5NWUxMmU5NTA5MDI2MjgwZDYxNTUyYmQ3MjRiZQ== status=completed progress=100
[2026-07-02T13:56:03] [VIDEO] OK id=v005 success=5/7 url=https://platform-outputs.agnes-ai.space/videos/agnes-video-v2.0/2026/07/02/video_ae8ba6311349f6d61df95e12e9509026280d61552bd724be.mp4
[2026-07-02T13:56:03] [WAIT] 140.0s next video create interval
[2026-07-02T13:58:29] [VIDEO] submitted id=v006 video_id=video_bGl0ZWxsbTpjdXN0b21fbGxtX3Byb3ZpZGVyOm9wZW5haTttb2RlbF9pZDphZ25lcy12aWRlby12Mi4wO3ZpZGVvX2lkOnZpZGVvX2ZmYjM0MzNjMTIwMmU0YmE3NTU5ZDUxMjdlMzliZWIzZmU5NzFiYTVmYWRiMWZkOA== seed=328636533
[2026-07-02T13:58:29] [VIDEO] poll video_id=video_bGl0ZWxsbTpjdXN0b21fbGxtX3Byb3ZpZGVyOm9wZW5haTttb2RlbF9pZDphZ25lcy12aWRlby12Mi4wO3ZpZGVvX2lkOnZpZGVvX2ZmYjM0MzNjMTIwMmU0YmE3NTU5ZDUxMjdlMzliZWIzZmU5NzFiYTVmYWRiMWZkOA== status=in_progress progress=30
[2026-07-02T13:58:29] [WAIT] 30.0s video polling
[2026-07-02T13:59:00] [VIDEO] poll video_id=video_bGl0ZWxsbTpjdXN0b21fbGxtX3Byb3ZpZGVyOm9wZW5haTttb2RlbF9pZDphZ25lcy12aWRlby12Mi4wO3ZpZGVvX2lkOnZpZGVvX2ZmYjM0MzNjMTIwMmU0YmE3NTU5ZDUxMjdlMzliZWIzZmU5NzFiYTVmYWRiMWZkOA== status=in_progress progress=30
[2026-07-02T13:59:00] [WAIT] 30.0s video polling
[2026-07-02T13:59:30] [VIDEO] poll video_id=video_bGl0ZWxsbTpjdXN0b21fbGxtX3Byb3ZpZGVyOm9wZW5haTttb2RlbF9pZDphZ25lcy12aWRlby12Mi4wO3ZpZGVvX2lkOnZpZGVvX2ZmYjM0MzNjMTIwMmU0YmE3NTU5ZDUxMjdlMzliZWIzZmU5NzFiYTVmYWRiMWZkOA== status=in_progress progress=30
[2026-07-02T13:59:30] [WAIT] 30.0s video polling
[2026-07-02T14:00:00] [VIDEO] poll video_id=video_bGl0ZWxsbTpjdXN0b21fbGxtX3Byb3ZpZGVyOm9wZW5haTttb2RlbF9pZDphZ25lcy12aWRlby12Mi4wO3ZpZGVvX2lkOnZpZGVvX2ZmYjM0MzNjMTIwMmU0YmE3NTU5ZDUxMjdlMzliZWIzZmU5NzFiYTVmYWRiMWZkOA== status=in_progress progress=30
[2026-07-02T14:00:00] [WAIT] 30.0s video polling
[2026-07-02T14:00:30] [VIDEO] poll video_id=video_bGl0ZWxsbTpjdXN0b21fbGxtX3Byb3ZpZGVyOm9wZW5haTttb2RlbF9pZDphZ25lcy12aWRlby12Mi4wO3ZpZGVvX2lkOnZpZGVvX2ZmYjM0MzNjMTIwMmU0YmE3NTU5ZDUxMjdlMzliZWIzZmU5NzFiYTVmYWRiMWZkOA== status=in_progress progress=30
[2026-07-02T14:00:30] [WAIT] 30.0s video polling
[2026-07-02T14:01:00] [VIDEO] poll video_id=video_bGl0ZWxsbTpjdXN0b21fbGxtX3Byb3ZpZGVyOm9wZW5haTttb2RlbF9pZDphZ25lcy12aWRlby12Mi4wO3ZpZGVvX2lkOnZpZGVvX2ZmYjM0MzNjMTIwMmU0YmE3NTU5ZDUxMjdlMzliZWIzZmU5NzFiYTVmYWRiMWZkOA== status=in_progress progress=30
[2026-07-02T14:01:00] [WAIT] 30.0s video polling
[2026-07-02T14:01:31] [VIDEO] poll video_id=video_bGl0ZWxsbTpjdXN0b21fbGxtX3Byb3ZpZGVyOm9wZW5haTttb2RlbF9pZDphZ25lcy12aWRlby12Mi4wO3ZpZGVvX2lkOnZpZGVvX2ZmYjM0MzNjMTIwMmU0YmE3NTU5ZDUxMjdlMzliZWIzZmU5NzFiYTVmYWRiMWZkOA== status=in_progress progress=30
[2026-07-02T14:01:31] [WAIT] 30.0s video polling
[2026-07-02T14:02:06] [VIDEO] poll video_id=video_bGl0ZWxsbTpjdXN0b21fbGxtX3Byb3ZpZGVyOm9wZW5haTttb2RlbF9pZDphZ25lcy12aWRlby12Mi4wO3ZpZGVvX2lkOnZpZGVvX2ZmYjM0MzNjMTIwMmU0YmE3NTU5ZDUxMjdlMzliZWIzZmU5NzFiYTVmYWRiMWZkOA== status=completed progress=100
[2026-07-02T14:02:07] [VIDEO] OK id=v006 success=6/7 url=https://platform-outputs.agnes-ai.space/videos/agnes-video-v2.0/2026/07/02/video_ffb3433c1202e4ba7559d5127e39beb3fe971ba5fadb1fd8.mp4
[2026-07-02T14:02:07] [WAIT] 140.0s next video create interval
[2026-07-02T14:04:33] [VIDEO] submitted id=v007 video_id=video_bGl0ZWxsbTpjdXN0b21fbGxtX3Byb3ZpZGVyOm9wZW5haTttb2RlbF9pZDphZ25lcy12aWRlby12Mi4wO3ZpZGVvX2lkOnZpZGVvXzA3NGY0ZWY5NjM3ZTBhMTk3NjY5NDc3OGI1YmY2MWE4MDgwYjcyN2ZkNGQxMTEwZg== seed=818851022
[2026-07-02T14:04:33] [VIDEO] poll video_id=video_bGl0ZWxsbTpjdXN0b21fbGxtX3Byb3ZpZGVyOm9wZW5haTttb2RlbF9pZDphZ25lcy12aWRlby12Mi4wO3ZpZGVvX2lkOnZpZGVvXzA3NGY0ZWY5NjM3ZTBhMTk3NjY5NDc3OGI1YmY2MWE4MDgwYjcyN2ZkNGQxMTEwZg== status=in_progress progress=30
[2026-07-02T14:04:33] [WAIT] 30.0s video polling
[2026-07-02T14:05:03] [VIDEO] poll video_id=video_bGl0ZWxsbTpjdXN0b21fbGxtX3Byb3ZpZGVyOm9wZW5haTttb2RlbF9pZDphZ25lcy12aWRlby12Mi4wO3ZpZGVvX2lkOnZpZGVvXzA3NGY0ZWY5NjM3ZTBhMTk3NjY5NDc3OGI1YmY2MWE4MDgwYjcyN2ZkNGQxMTEwZg== status=in_progress progress=30
[2026-07-02T14:05:03] [WAIT] 30.0s video polling
[2026-07-02T14:05:34] [VIDEO] poll video_id=video_bGl0ZWxsbTpjdXN0b21fbGxtX3Byb3ZpZGVyOm9wZW5haTttb2RlbF9pZDphZ25lcy12aWRlby12Mi4wO3ZpZGVvX2lkOnZpZGVvXzA3NGY0ZWY5NjM3ZTBhMTk3NjY5NDc3OGI1YmY2MWE4MDgwYjcyN2ZkNGQxMTEwZg== status=in_progress progress=30
[2026-07-02T14:05:34] [WAIT] 30.0s video polling
[2026-07-02T14:06:04] [VIDEO] poll video_id=video_bGl0ZWxsbTpjdXN0b21fbGxtX3Byb3ZpZGVyOm9wZW5haTttb2RlbF9pZDphZ25lcy12aWRlby12Mi4wO3ZpZGVvX2lkOnZpZGVvXzA3NGY0ZWY5NjM3ZTBhMTk3NjY5NDc3OGI1YmY2MWE4MDgwYjcyN2ZkNGQxMTEwZg== status=in_progress progress=30
[2026-07-02T14:06:04] [WAIT] 30.0s video polling
[2026-07-02T14:06:34] [VIDEO] poll video_id=video_bGl0ZWxsbTpjdXN0b21fbGxtX3Byb3ZpZGVyOm9wZW5haTttb2RlbF9pZDphZ25lcy12aWRlby12Mi4wO3ZpZGVvX2lkOnZpZGVvXzA3NGY0ZWY5NjM3ZTBhMTk3NjY5NDc3OGI1YmY2MWE4MDgwYjcyN2ZkNGQxMTEwZg== status=in_progress progress=30
[2026-07-02T14:06:34] [WAIT] 30.0s video polling
[2026-07-02T14:07:04] [VIDEO] poll video_id=video_bGl0ZWxsbTpjdXN0b21fbGxtX3Byb3ZpZGVyOm9wZW5haTttb2RlbF9pZDphZ25lcy12aWRlby12Mi4wO3ZpZGVvX2lkOnZpZGVvXzA3NGY0ZWY5NjM3ZTBhMTk3NjY5NDc3OGI1YmY2MWE4MDgwYjcyN2ZkNGQxMTEwZg== status=in_progress progress=30
[2026-07-02T14:07:04] [WAIT] 30.0s video polling
[2026-07-02T14:07:35] [VIDEO] poll video_id=video_bGl0ZWxsbTpjdXN0b21fbGxtX3Byb3ZpZGVyOm9wZW5haTttb2RlbF9pZDphZ25lcy12aWRlby12Mi4wO3ZpZGVvX2lkOnZpZGVvXzA3NGY0ZWY5NjM3ZTBhMTk3NjY5NDc3OGI1YmY2MWE4MDgwYjcyN2ZkNGQxMTEwZg== status=in_progress progress=30
[2026-07-02T14:07:35] [WAIT] 30.0s video polling
[2026-07-02T14:08:10] [VIDEO] poll video_id=video_bGl0ZWxsbTpjdXN0b21fbGxtX3Byb3ZpZGVyOm9wZW5haTttb2RlbF9pZDphZ25lcy12aWRlby12Mi4wO3ZpZGVvX2lkOnZpZGVvXzA3NGY0ZWY5NjM3ZTBhMTk3NjY5NDc3OGI1YmY2MWE4MDgwYjcyN2ZkNGQxMTEwZg== status=completed progress=100
[2026-07-02T14:08:11] [VIDEO] OK id=v007 success=7/7 url=https://platform-outputs.agnes-ai.space/videos/agnes-video-v2.0/2026/07/02/video_074f4ef9637e0a1976694778b5bf61a8080b727fd4d1110f.mp4
[2026-07-02T14:08:11] [WAIT] 140.0s next video create interval
[2026-07-02T14:10:32] [IMAGE] start target_success=550 already_success=0 prompts=550 interval=90.0s size=2048x2048
[2026-07-02T14:11:43] [IMAGE] OK id=i0001 success=1/550 url=https://platform-outputs.agnes-ai.space/images/t2i/eb759f48feed41359ab287daf97f355f.png
[2026-07-02T14:11:43] [WAIT] 90.0s next image create interval
[2026-07-02T14:14:29] [IMAGE] OK id=i0002 success=2/550 url=https://platform-outputs.agnes-ai.space/images/t2i/d859afaebded4a52bdc8ccc69c9d90d4.png
[2026-07-02T14:14:29] [WAIT] 90.0s next image create interval
[2026-07-02T14:16:49] [IMAGE] OK id=i0003 success=3/550 url=https://platform-outputs.agnes-ai.space/images/t2i/bbd1416aae424f81b253c6a6bd169167.png
[2026-07-02T14:16:49] [WAIT] 90.0s next image create interval
[2026-07-02T14:19:14] [IMAGE] OK id=i0004 success=4/550 url=https://platform-outputs.agnes-ai.space/images/t2i/24c43b074860430583fb67082e5c94a4.png
[2026-07-02T14:19:14] [WAIT] 90.0s next image create interval
[2026-07-02T14:21:33] [IMAGE] OK id=i0005 success=5/550 url=https://platform-outputs.agnes-ai.space/images/t2i/2268483240de49978559608721ee75ac.png
[2026-07-02T14:21:33] [WAIT] 90.0s next image create interval
[2026-07-02T14:23:57] [IMAGE] OK id=i0006 success=6/550 url=https://platform-outputs.agnes-ai.space/images/t2i/578a1079336941808fe1243f2e162e61.png
[2026-07-02T14:23:57] [WAIT] 90.0s next image create interval
[2026-07-02T14:26:22] [IMAGE] OK id=i0007 success=7/550 url=https://platform-outputs.agnes-ai.space/images/t2i/2048d479adef4d8784621d0d426c555c.png
[2026-07-02T14:26:22] [WAIT] 90.0s next image create interval
[2026-07-02T14:28:44] [IMAGE] OK id=i0008 success=8/550 url=https://platform-outputs.agnes-ai.space/images/t2i/789b432591d846ce947baf697fb23951.png
[2026-07-02T14:28:44] [WAIT] 90.0s next image create interval
[2026-07-02T14:31:17] [IMAGE] OK id=i0009 success=9/550 url=https://platform-outputs.agnes-ai.space/images/t2i/70f0b2eec5f4450891e07788ab6c9e47.png
[2026-07-02T14:31:17] [WAIT] 90.0s next image create interval
[2026-07-02T14:33:42] [IMAGE] OK id=i0010 success=10/550 url=https://platform-outputs.agnes-ai.space/images/t2i/6fff6dd4ed1e4ead80b5396228377d0b.png
[2026-07-02T14:33:42] [WAIT] 90.0s next image create interval
[2026-07-02T14:36:06] [IMAGE] OK id=i0011 success=11/550 url=https://platform-outputs.agnes-ai.space/images/t2i/a3e924663be245cb9086d41270b3bbfb.png
[2026-07-02T14:36:06] [WAIT] 90.0s next image create interval
[2026-07-02T14:38:38] [IMAGE] OK id=i0012 success=12/550 url=https://platform-outputs.agnes-ai.space/images/t2i/b4d4500c94844697924a8788e5108ffd.png
[2026-07-02T14:38:38] [WAIT] 90.0s next image create interval
[2026-07-02T14:40:56] [IMAGE] OK id=i0013 success=13/550 url=https://platform-outputs.agnes-ai.space/images/t2i/bb224cbc89f4478aa721c9e782b106cf.png
[2026-07-02T14:40:56] [WAIT] 90.0s next image create interval
[2026-07-02T14:43:14] [IMAGE] OK id=i0014 success=14/550 url=https://platform-outputs.agnes-ai.space/images/t2i/481d53f97db84e559b9f24116c8d0ff3.png
[2026-07-02T14:43:14] [WAIT] 90.0s next image create interval
[2026-07-02T14:45:47] [IMAGE] OK id=i0015 success=15/550 url=https://platform-outputs.agnes-ai.space/images/t2i/467e6e04c0524f869bd9b8081881b46c.png
[2026-07-02T14:45:47] [WAIT] 90.0s next image create interval
[2026-07-02T14:48:06] [IMAGE] OK id=i0016 success=16/550 url=https://platform-outputs.agnes-ai.space/images/t2i/51306314ccc74e5e9f89d1495dc14b5e.png
[2026-07-02T14:48:06] [WAIT] 90.0s next image create interval
[2026-07-02T14:50:29] [IMAGE] OK id=i0017 success=17/550 url=https://platform-outputs.agnes-ai.space/images/t2i/89ddd89d1cc14265b2fbf6b8fb1981c4.png
[2026-07-02T14:50:29] [WAIT] 90.0s next image create interval
[2026-07-02T14:52:54] [IMAGE] OK id=i0018 success=18/550 url=https://platform-outputs.agnes-ai.space/images/t2i/50943e1bfafe4dad8f97be8f05e827d3.png
[2026-07-02T14:52:54] [WAIT] 90.0s next image create interval
[2026-07-02T14:55:13] [IMAGE] OK id=i0019 success=19/550 url=https://platform-outputs.agnes-ai.space/images/t2i/85e6dd412d7a426d9e393dbf02de254d.png
[2026-07-02T14:55:13] [WAIT] 90.0s next image create interval
[2026-07-02T14:57:35] [IMAGE] OK id=i0020 success=20/550 url=https://platform-outputs.agnes-ai.space/images/t2i/3377e97fbefd407ba1d68e3a3b1a0206.png
[2026-07-02T14:57:35] [WAIT] 90.0s next image create interval
[2026-07-02T14:59:58] [IMAGE] OK id=i0021 success=21/550 url=https://platform-outputs.agnes-ai.space/images/t2i/cef83add0b914247bf2edc7c2f31f1f3.png
[2026-07-02T14:59:58] [WAIT] 90.0s next image create interval
[2026-07-02T15:02:20] [IMAGE] OK id=i0022 success=22/550 url=https://platform-outputs.agnes-ai.space/images/t2i/b155a267a7284af89041bd5985f3eae8.png
[2026-07-02T15:02:20] [WAIT] 90.0s next image create interval
[2026-07-02T15:05:02] [IMAGE] OK id=i0023 success=23/550 url=https://platform-outputs.agnes-ai.space/images/t2i/6d6aeaa67b8b434bb8a6e4b0f5fd45e5.png
[2026-07-02T15:05:02] [WAIT] 90.0s next image create interval
[2026-07-02T15:07:23] [IMAGE] OK id=i0024 success=24/550 url=https://platform-outputs.agnes-ai.space/images/t2i/fa35b4a3eca9421ea44eae1c5afa322e.png
[2026-07-02T15:07:23] [WAIT] 90.0s next image create interval
[2026-07-02T15:09:43] [IMAGE] OK id=i0025 success=25/550 url=https://platform-outputs.agnes-ai.space/images/t2i/2daef9cd2c8c4f0dabf978de215ea369.png
[2026-07-02T15:09:43] [WAIT] 90.0s next image create interval
[2026-07-02T15:12:04] [IMAGE] OK id=i0026 success=26/550 url=https://platform-outputs.agnes-ai.space/images/t2i/d27d40fecf2441709b1da9db23adcf10.png
[2026-07-02T15:12:04] [WAIT] 90.0s next image create interval
[2026-07-02T15:14:31] [IMAGE] OK id=i0027 success=27/550 url=https://platform-outputs.agnes-ai.space/images/t2i/71264fa8c8e74b3c90607a9484743f85.png
[2026-07-02T15:14:31] [WAIT] 90.0s next image create interval
[2026-07-02T15:16:51] [IMAGE] OK id=i0028 success=28/550 url=https://platform-outputs.agnes-ai.space/images/t2i/d8cf1e41d9504df89b40d30c973f576e.png
[2026-07-02T15:16:51] [WAIT] 90.0s next image create interval
[2026-07-02T15:19:12] [IMAGE] OK id=i0029 success=29/550 url=https://platform-outputs.agnes-ai.space/images/t2i/a41c73515f914121b1f201b2f3962730.png
[2026-07-02T15:19:12] [WAIT] 90.0s next image create interval
[2026-07-02T15:21:44] [IMAGE] OK id=i0030 success=30/550 url=https://platform-outputs.agnes-ai.space/images/t2i/637f5442c8134f63b1dd6e3b81a0f828.png
[2026-07-02T15:21:44] [WAIT] 90.0s next image create interval
[2026-07-02T15:24:08] [IMAGE] OK id=i0031 success=31/550 url=https://platform-outputs.agnes-ai.space/images/t2i/20fe54501d6346e8bc026d67e3201493.png
[2026-07-02T15:24:08] [WAIT] 90.0s next image create interval
[2026-07-02T15:26:35] [IMAGE] OK id=i0032 success=32/550 url=https://platform-outputs.agnes-ai.space/images/t2i/620e4894b85244a2868e3563ff73856e.png
[2026-07-02T15:26:35] [WAIT] 90.0s next image create interval
[2026-07-02T15:28:12] [IMAGE] ERR id=i0033 class=server_busy stop=True terminal=False Agnes HTTP 500: {"error": {"message": "upstream error: do request failed (request id: 20260702072805953095363VeQosR3R)", "type": "AgnesAI_error", "param": "", "code": "do_request_failed"}}
[2026-07-02T15:28:12] [IMAGE] stop phase reason=server busy/upstream timeout consecutive_errors=1
[2026-07-02T15:28:12] [DONE]
